<?xml version="1.0" encoding="UTF-8"?>
<coverage generated="1770993597754" clover="3.2.0">
  <project timestamp="1770993597754" name="All files">
    <metrics statements="27" coveredstatements="20" conditionals="11" coveredconditionals="6" methods="10" coveredmethods="7" elements="48" coveredelements="33" complexity="0" loc="27" ncloc="27" packages="3" files="3" classes="3"/>
    <package name="services">
      <metrics statements="10" coveredstatements="6" conditionals="6" coveredconditionals="4" methods="2" coveredmethods="1"/>
      <file name="api.js" path="C:\Users\hemak\Projects\multi-step-form\src\services\api.js">
        <metrics statements="10" coveredstatements="6" conditionals="6" coveredconditionals="4" methods="2" coveredmethods="1"/>
        <line num="1" count="1" type="cond" truecount="2" falsecount="0"/>
        <line num="5" count="2" type="stmt"/>
        <line num="6" count="2" type="stmt"/>
        <line num="8" count="2" type="cond" truecount="2" falsecount="0"/>
        <line num="9" count="1" type="stmt"/>
        <line num="12" count="1" type="stmt"/>
        <line num="17" count="0" type="stmt"/>
        <line num="25" count="0" type="cond" truecount="0" falsecount="2"/>
        <line num="26" count="0" type="stmt"/>
        <line num="29" count="0" type="stmt"/>
      </file>
    </package>
    <package name="state">
      <metrics statements="16" coveredstatements="13" conditionals="5" coveredconditionals="2" methods="7" coveredmethods="5"/>
      <file name="FormContext.jsx" path="C:\Users\hemak\Projects\multi-step-form\src\state\FormContext.jsx">
        <metrics statements="16" coveredstatements="13" conditionals="5" coveredconditionals="2" methods="7" coveredmethods="5"/>
        <line num="3" count="1" type="stmt"/>
        <line num="5" count="1" type="stmt"/>
        <line num="20" count="3" type="cond" truecount="2" falsecount="3"/>
        <line num="22" count="2" type="stmt"/>
        <line num="31" count="0" type="stmt"/>
        <line num="37" count="0" type="stmt"/>
        <line num="43" count="1" type="stmt"/>
        <line num="46" count="0" type="stmt"/>
        <line num="51" count="4" type="stmt"/>
        <line num="53" count="4" type="stmt"/>
        <line num="54" count="2" type="stmt"/>
        <line num="57" count="4" type="stmt"/>
        <line num="58" count="4" type="stmt"/>
        <line num="59" count="4" type="stmt"/>
        <line num="61" count="4" type="stmt"/>
        <line num="77" count="3" type="stmt"/>
      </file>
    </package>
    <package name="utils">
      <metrics statements="1" coveredstatements="1" conditionals="0" coveredconditionals="0" methods="1" coveredmethods="1"/>
      <file name="employmentUtils.js" path="C:\Users\hemak\Projects\multi-step-form\src\utils\employmentUtils.js">
        <metrics statements="1" coveredstatements="1" conditionals="0" coveredconditionals="0" methods="1" coveredmethods="1"/>
        <line num="2" count="2" type="stmt"/>
      </file>
    </package>
  </project>
</coverage>
