{"C:\\Users\\hemak\\Projects\\multi-step-form\\src\\services\\api.js": {"path":"C:\\Users\\hemak\\Projects\\multi-step-form\\src\\services\\api.js","statementMap":{"0":{"start":{"line":1,"column":16},"end":{"line":1,"column":null}},"1":{"start":{"line":5,"column":14},"end":{"line":5,"column":60}},"2":{"start":{"line":6,"column":15},"end":{"line":6,"column":31}},"3":{"start":{"line":8,"column":2},"end":{"line":10,"column":3}},"4":{"start":{"line":9,"column":4},"end":{"line":9,"column":44}},"5":{"start":{"line":12,"column":2},"end":{"line":12,"column":14}},"6":{"start":{"line":17,"column":14},"end":{"line":23,"column":4}},"7":{"start":{"line":25,"column":2},"end":{"line":27,"column":3}},"8":{"start":{"line":26,"column":4},"end":{"line":26,"column":45}},"9":{"start":{"line":29,"column":2},"end":{"line":29,"column":26}}},"fnMap":{"0":{"name":"checkEmailAvailability","decl":{"start":{"line":4,"column":22},"end":{"line":4,"column":44}},"loc":{"start":{"line":4,"column":52},"end":{"line":13,"column":1}},"line":4},"1":{"name":"submitForm","decl":{"start":{"line":16,"column":22},"end":{"line":16,"column":32}},"loc":{"start":{"line":16,"column":39},"end":{"line":30,"column":1}},"line":16}},"branchMap":{"0":{"loc":{"start":{"line":1,"column":16},"end":{"line":1,"column":null}},"type":"binary-expr","locations":[{"start":{"line":1,"column":16},"end":{"line":1,"column":null}},{"start":{"line":1,"column":76},"end":{"line":1,"column":null}}],"line":1},"1":{"loc":{"start":{"line":8,"column":2},"end":{"line":10,"column":3}},"type":"if","locations":[{"start":{"line":8,"column":2},"end":{"line":10,"column":3}},{"start":{},"end":{}}],"line":8},"2":{"loc":{"start":{"line":25,"column":2},"end":{"line":27,"column":3}},"type":"if","locations":[{"start":{"line":25,"column":2},"end":{"line":27,"column":3}},{"start":{},"end":{}}],"line":25}},"s":{"0":1,"1":2,"2":2,"3":2,"4":1,"5":1,"6":0,"7":0,"8":0,"9":0},"f":{"0":2,"1":0},"b":{"0":[1,1],"1":[1,1],"2":[0,0]},"meta":{"lastBranch":3,"lastFunction":2,"lastStatement":10,"seen":{"s:1:16:1:Infinity":0,"b:1:16:1:Infinity:1:76:1:Infinity":0,"f:4:22:4:44":0,"s:5:14:5:60":1,"s:6:15:6:31":2,"b:8:2:10:3:undefined:undefined:undefined:undefined":1,"s:8:2:10:3":3,"s:9:4:9:44":4,"s:12:2:12:14":5,"f:16:22:16:32":1,"s:17:14:23:4":6,"b:25:2:27:3:undefined:undefined:undefined:undefined":2,"s:25:2:27:3":7,"s:26:4:26:45":8,"s:29:2:29:26":9}}}
,"C:\\Users\\hemak\\Projects\\multi-step-form\\src\\state\\FormContext.jsx": {"path":"C:\\Users\\hemak\\Projects\\multi-step-form\\src\\state\\FormContext.jsx","statementMap":{"0":{"start":{"line":3,"column":6},"end":{"line":3,"column":null}},"1":{"start":{"line":5,"column":21},"end":{"line":17,"column":null}},"2":{"start":{"line":20,"column":2},"end":{"line":47,"column":null}},"3":{"start":{"line":22,"column":6},"end":{"line":28,"column":null}},"4":{"start":{"line":31,"column":6},"end":{"line":34,"column":null}},"5":{"start":{"line":37,"column":6},"end":{"line":40,"column":null}},"6":{"start":{"line":43,"column":6},"end":{"line":43,"column":null}},"7":{"start":{"line":46,"column":6},"end":{"line":46,"column":null}},"8":{"start":{"line":51,"column":24},"end":{"line":51,"column":null}},"9":{"start":{"line":53,"column":22},"end":{"line":55,"column":null}},"10":{"start":{"line":54,"column":4},"end":{"line":54,"column":null}},"11":{"start":{"line":57,"column":19},"end":{"line":57,"column":null}},"12":{"start":{"line":57,"column":25},"end":{"line":57,"column":null}},"13":{"start":{"line":58,"column":19},"end":{"line":58,"column":null}},"14":{"start":{"line":58,"column":25},"end":{"line":58,"column":null}},"15":{"start":{"line":59,"column":20},"end":{"line":59,"column":null}},"16":{"start":{"line":59,"column":26},"end":{"line":59,"column":null}},"17":{"start":{"line":61,"column":2},"end":{"line":72,"column":null}},"18":{"start":{"line":77,"column":2},"end":{"line":77,"column":null}}},"fnMap":{"0":{"name":"formReducer","decl":{"start":{"line":19,"column":9},"end":{"line":19,"column":21}},"loc":{"start":{"line":19,"column":36},"end":{"line":48,"column":null}},"line":19},"1":{"name":"FormProvider","decl":{"start":{"line":50,"column":16},"end":{"line":50,"column":29}},"loc":{"start":{"line":50,"column":43},"end":{"line":74,"column":null}},"line":50},"2":{"name":"(anonymous_2)","decl":{"start":{"line":53,"column":22},"end":{"line":53,"column":23}},"loc":{"start":{"line":53,"column":40},"end":{"line":55,"column":null}},"line":53},"3":{"name":"(anonymous_3)","decl":{"start":{"line":57,"column":19},"end":{"line":57,"column":25}},"loc":{"start":{"line":57,"column":25},"end":{"line":57,"column":null}},"line":57},"4":{"name":"(anonymous_4)","decl":{"start":{"line":58,"column":19},"end":{"line":58,"column":25}},"loc":{"start":{"line":58,"column":25},"end":{"line":58,"column":null}},"line":58},"5":{"name":"(anonymous_5)","decl":{"start":{"line":59,"column":20},"end":{"line":59,"column":26}},"loc":{"start":{"line":59,"column":26},"end":{"line":59,"column":null}},"line":59},"6":{"name":"useFormContext","decl":{"start":{"line":76,"column":16},"end":{"line":76,"column":33}},"loc":{"start":{"line":76,"column":33},"end":{"line":78,"column":null}},"line":76}},"branchMap":{"0":{"loc":{"start":{"line":20,"column":2},"end":{"line":47,"column":null}},"type":"switch","locations":[{"start":{"line":21,"column":4},"end":{"line":28,"column":null}},{"start":{"line":30,"column":4},"end":{"line":34,"column":null}},{"start":{"line":36,"column":4},"end":{"line":40,"column":null}},{"start":{"line":42,"column":4},"end":{"line":43,"column":null}},{"start":{"line":45,"column":4},"end":{"line":46,"column":null}}],"line":20}},"s":{"0":1,"1":1,"2":3,"3":2,"4":0,"5":0,"6":1,"7":0,"8":4,"9":4,"10":2,"11":4,"12":0,"13":4,"14":0,"15":4,"16":1,"17":4,"18":3},"f":{"0":3,"1":4,"2":2,"3":0,"4":0,"5":1,"6":3},"b":{"0":[2,0,0,1,0]},"meta":{"lastBranch":1,"lastFunction":7,"lastStatement":19,"seen":{"s:3:6:3:Infinity":0,"s:5:21:17:Infinity":1,"f:19:9:19:21":0,"b:21:4:28:Infinity:30:4:34:Infinity:36:4:40:Infinity:42:4:43:Infinity:45:4:46:Infinity":0,"s:20:2:47:Infinity":2,"s:22:6:28:Infinity":3,"s:31:6:34:Infinity":4,"s:37:6:40:Infinity":5,"s:43:6:43:Infinity":6,"s:46:6:46:Infinity":7,"f:50:16:50:29":1,"s:51:24:51:Infinity":8,"s:53:22:55:Infinity":9,"f:53:22:53:23":2,"s:54:4:54:Infinity":10,"s:57:19:57:Infinity":11,"f:57:19:57:25":3,"s:57:25:57:Infinity":12,"s:58:19:58:Infinity":13,"f:58:19:58:25":4,"s:58:25:58:Infinity":14,"s:59:20:59:Infinity":15,"f:59:20:59:26":5,"s:59:26:59:Infinity":16,"s:61:2:72:Infinity":17,"f:76:16:76:33":6,"s:77:2:77:Infinity":18}}}
,"C:\\Users\\hemak\\Projects\\multi-step-form\\src\\utils\\employmentUtils.js": {"path":"C:\\Users\\hemak\\Projects\\multi-step-form\\src\\utils\\employmentUtils.js","statementMap":{"0":{"start":{"line":2,"column":2},"end":{"line":2,"column":30}}},"fnMap":{"0":{"name":"shouldShowEmploymentFields","decl":{"start":{"line":1,"column":16},"end":{"line":1,"column":42}},"loc":{"start":{"line":1,"column":55},"end":{"line":3,"column":1}},"line":1}},"branchMap":{},"s":{"0":2},"f":{"0":2},"b":{},"meta":{"lastBranch":0,"lastFunction":1,"lastStatement":1,"seen":{"f:1:16:1:42":0,"s:2:2:2:30":0}}}
}
